Figwheel: focusing on build-ids (dev)
[0mCompiling "resources/public/js/compiled/app.js" from ["src/cljs"]...
[32mSuccessfully compiled "resources/public/js/compiled/app.js" in 0.476 seconds.[0m
notifying browser that file changed:  resources/public/js/compiled/out/goog/deps.js
notifying browser that file changed:  resources/public/js/compiled/out/cljs_deps.js
notifying browser that file changed:  /goon_squad/routes.js
notifying browser that file changed:  /goon_squad/views.js
notifying browser that file changed:  /goon_squad/db.js
notifying browser that file changed:  /goon_squad/subs.js
notifying browser that file changed:  /goon_squad/handlers.js
notifying browser that file changed:  /goon_squad/core.js
[0mCompiling "resources/public/js/compiled/app.js" from ["src/cljs"]...
[32mSuccessfully compiled "resources/public/js/compiled/app.js" in 0.8 seconds.[0m
notifying browser that file changed:  /goon_squad/views.js
[0mCompiling "resources/public/js/compiled/app.js" from ["src/cljs"]...
[32mSuccessfully compiled "resources/public/js/compiled/app.js" in 0.568 seconds.[0m
notifying browser that file changed:  resources/public/js/compiled/out/cljs_deps.js
notifying browser that file changed:  /goon_squad/engine.js
[0mCompiling "resources/public/js/compiled/app.js" from ["src/cljs"]...
WARNING: Use of undeclared Var goon-squad.views/world at line 22 src/cljs/goon_squad/views.cljs
WARNING: Use of undeclared Var goon-squad.views/p at line 43 src/cljs/goon_squad/views.cljs
[32mSuccessfully compiled "resources/public/js/compiled/app.js" in 0.532 seconds.[0m
notifying browser that file changed:  resources/public/js/compiled/out/cljs_deps.js
notifying browser that file changed:  /goon_squad/views.js
Figwheel: focusing on build-ids (dev)
[0mCompiling "resources/public/js/compiled/app.js" from ["src/cljs"]...
[32mSuccessfully compiled "resources/public/js/compiled/app.js" in 0.975 seconds.[0m
notifying browser that file changed:  resources/public/js/compiled/out/goog/deps.js
notifying browser that file changed:  resources/public/js/compiled/out/cljs_deps.js
notifying browser that file changed:  /goon_squad/routes.js
notifying browser that file changed:  /goon_squad/engine.js
notifying browser that file changed:  /goon_squad/db.js
notifying browser that file changed:  /goon_squad/subs.js
notifying browser that file changed:  /goon_squad/views.js
notifying browser that file changed:  /goon_squad/handlers.js
notifying browser that file changed:  /goon_squad/core.js
[0mCompiling "resources/public/js/compiled/app.js" from ["src/cljs"]...
[32mSuccessfully compiled "resources/public/js/compiled/app.js" in 1.107 seconds.[0m
notifying browser that file changed:  /goon_squad/engine.js
[0mCompiling "resources/public/js/compiled/app.js" from ["src/cljs"]...
WARNING: Use of undeclared Var goon-squad.views/world at line 22 src/cljs/goon_squad/views.cljs
[32mSuccessfully compiled "resources/public/js/compiled/app.js" in 0.744 seconds.[0m
notifying browser that file changed:  resources/public/js/compiled/out/cljs_deps.js
notifying browser that file changed:  /goon_squad/views.js
[0mCompiling "resources/public/js/compiled/app.js" from ["src/cljs"]...
[32mSuccessfully compiled "resources/public/js/compiled/app.js" in 0.635 seconds.[0m
notifying browser that file changed:  resources/public/js/compiled/out/cljs_deps.js
notifying browser that file changed:  /goon_squad/db.js
[0mCompiling "resources/public/js/compiled/app.js" from ["src/cljs"]...
[32mSuccessfully compiled "resources/public/js/compiled/app.js" in 0.399 seconds.[0m
notifying browser that file changed:  /goon_squad/engine.js
[0mCompiling "resources/public/js/compiled/app.js" from ["src/cljs"]...
[32mSuccessfully compiled "resources/public/js/compiled/app.js" in 0.295 seconds.[0m
notifying browser that file changed:  /goon_squad/db.js
[0mCompiling "resources/public/js/compiled/app.js" from ["src/cljs"]...
[32mSuccessfully compiled "resources/public/js/compiled/app.js" in 0.366 seconds.[0m
notifying browser that file changed:  /goon_squad/db.js
[0mCompiling "resources/public/js/compiled/app.js" from ["src/cljs"]...
[32mSuccessfully compiled "resources/public/js/compiled/app.js" in 0.249 seconds.[0m
notifying browser that file changed:  /goon_squad/subs.js
[0mCompiling "resources/public/js/compiled/app.js" from ["src/cljs"]...
WARNING: Use of undeclared Var goon-squad.views/world at line 20 src/cljs/goon_squad/views.cljs
[32mSuccessfully compiled "resources/public/js/compiled/app.js" in 0.423 seconds.[0m
notifying browser that file changed:  resources/public/js/compiled/out/cljs_deps.js
notifying browser that file changed:  /goon_squad/views.js
[0mCompiling "resources/public/js/compiled/app.js" from ["src/cljs"]...
WARNING: Use of undeclared Var goon-squad.views/world at line 20 src/cljs/goon_squad/views.cljs
[31mCompiling "resources/public/js/compiled/app.js" failed.[0m
ERROR: EOF while reading, starting at line 39 and column 3 on file /Users/alex/projects/goon-squad/src/cljs/goon_squad/views.cljs, line 57, column 1
[0mCompiling "resources/public/js/compiled/app.js" from ["src/cljs"]...
WARNING: Use of undeclared Var goon-squad.views/world at line 20 src/cljs/goon_squad/views.cljs
[32mSuccessfully compiled "resources/public/js/compiled/app.js" in 0.402 seconds.[0m
notifying browser that file changed:  /goon_squad/views.js
[0mCompiling "resources/public/js/compiled/app.js" from ["src/cljs"]...
WARNING: Use of undeclared Var goon-squad.views/world at line 20 src/cljs/goon_squad/views.cljs
[32mSuccessfully compiled "resources/public/js/compiled/app.js" in 0.446 seconds.[0m
notifying browser that file changed:  /goon_squad/views.js
[0mCompiling "resources/public/js/compiled/app.js" from ["src/cljs"]...
WARNING: Use of undeclared Var goon-squad.views/world at line 20 src/cljs/goon_squad/views.cljs
[32mSuccessfully compiled "resources/public/js/compiled/app.js" in 0.282 seconds.[0m
notifying browser that file changed:  /goon_squad/views.js
[0mCompiling "resources/public/js/compiled/app.js" from ["src/cljs"]...
WARNING: Use of undeclared Var goon-squad.views/world at line 20 src/cljs/goon_squad/views.cljs
[32mSuccessfully compiled "resources/public/js/compiled/app.js" in 0.601 seconds.[0m
notifying browser that file changed:  /goon_squad/views.js
Figwheel: focusing on build-ids (dev)
[0mCompiling "resources/public/js/compiled/app.js" from ["src/cljs"]...
[32mSuccessfully compiled "resources/public/js/compiled/app.js" in 0.659 seconds.[0m
notifying browser that file changed:  resources/public/js/compiled/out/goog/deps.js
notifying browser that file changed:  resources/public/js/compiled/out/cljs_deps.js
notifying browser that file changed:  /goon_squad/routes.js
notifying browser that file changed:  /goon_squad/engine.js
notifying browser that file changed:  /goon_squad/db.js
notifying browser that file changed:  /goon_squad/subs.js
notifying browser that file changed:  /goon_squad/views.js
notifying browser that file changed:  /goon_squad/handlers.js
notifying browser that file changed:  /goon_squad/core.js
[0mCompiling "resources/public/js/compiled/app.js" from ["src/cljs"]...
[32mSuccessfully compiled "resources/public/js/compiled/app.js" in 2.31 seconds.[0m
notifying browser that file changed:  resources/public/js/compiled/out/cljs_deps.js
notifying browser that file changed:  /vimcljsrepl/core.js
[0mCompiling "resources/public/js/compiled/app.js" from ["src/cljs"]...
[32mSuccessfully compiled "resources/public/js/compiled/app.js" in 0.57 seconds.[0m
notifying browser that file changed:  /vimcljsrepl/core.js
[0mCompiling "resources/public/js/compiled/app.js" from ["src/cljs"]...
[32mSuccessfully compiled "resources/public/js/compiled/app.js" in 0.404 seconds.[0m
notifying browser that file changed:  resources/public/js/compiled/out/cljs_deps.js
notifying browser that file changed:  /goon_squad/repl.js
Figwheel: focusing on build-ids (dev)
[0mCompiling "resources/public/js/compiled/app.js" from ["src/cljs"]...
[32mSuccessfully compiled "resources/public/js/compiled/app.js" in 0.763 seconds.[0m
notifying browser that file changed:  resources/public/js/compiled/out/goog/deps.js
notifying browser that file changed:  resources/public/js/compiled/out/cljs_deps.js
notifying browser that file changed:  /goon_squad/routes.js
notifying browser that file changed:  /goon_squad/engine.js
notifying browser that file changed:  /goon_squad/repl.js
notifying browser that file changed:  /goon_squad/db.js
notifying browser that file changed:  /goon_squad/subs.js
notifying browser that file changed:  /goon_squad/views.js
notifying browser that file changed:  /goon_squad/handlers.js
notifying browser that file changed:  /goon_squad/core.js
Figwheel: focusing on build-ids (dev)
[0mCompiling "resources/public/js/compiled/app.js" from ["src/cljs"]...
[32mSuccessfully compiled "resources/public/js/compiled/app.js" in 0.766 seconds.[0m
notifying browser that file changed:  resources/public/js/compiled/out/goog/deps.js
notifying browser that file changed:  resources/public/js/compiled/out/cljs_deps.js
notifying browser that file changed:  /goon_squad/routes.js
notifying browser that file changed:  /goon_squad/engine.js
notifying browser that file changed:  /goon_squad/repl.js
notifying browser that file changed:  /goon_squad/db.js
notifying browser that file changed:  /goon_squad/subs.js
notifying browser that file changed:  /goon_squad/views.js
notifying browser that file changed:  /goon_squad/handlers.js
notifying browser that file changed:  /goon_squad/core.js
[0mCompiling "resources/public/js/compiled/app.js" from ["src/cljs"]...
[32mSuccessfully compiled "resources/public/js/compiled/app.js" in 0.602 seconds.[0m
notifying browser that file changed:  /goon_squad/engine.js
[0mCompiling "resources/public/js/compiled/app.js" from ["src/cljs"]...
[32mSuccessfully compiled "resources/public/js/compiled/app.js" in 0.487 seconds.[0m
notifying browser that file changed:  resources/public/js/compiled/out/cljs_deps.js
[0mCompiling "resources/public/js/compiled/app.js" from ["src/cljs"]...
WARNING: Use of undeclared Var goon-squad.views/world at line 20 src/cljs/goon_squad/views.cljs
[32mSuccessfully compiled "resources/public/js/compiled/app.js" in 0.655 seconds.[0m
notifying browser that file changed:  resources/public/js/compiled/out/cljs_deps.js
notifying browser that file changed:  /goon_squad/views.js
